STAR version=STAR_2.6.1d
STAR compilation time,server,dir=Fri Nov 16 17:02:31 EST 2018 florence.cshl.edu:/sonas-hs/gingeras/nlsas_norepl/user/dobin/STAR/STAR.master/source
##### DEFAULT parameters:
versionSTAR                       20201
versionGenome                     20101   20200   
parametersFiles                   -   
sysShell                          -
runMode                           alignReads
runThreadN                        1
runDirPerm                        User_RWX
runRNGseed                        777
genomeDir                         ./GenomeDir/
genomeLoad                        NoSharedMemory
genomeFastaFiles                  -   
genomeChainFiles                  -   
genomeSAindexNbases               14
genomeChrBinNbits                 18
genomeSAsparseD                   1
genomeSuffixLengthMax             18446744073709551615
genomeFileSizes                   0   
genomeConsensusFile               -
readFilesType                     Fastx   
readFilesIn                       Read1   Read2   
readFilesPrefix                   -
readFilesCommand                  -   
readMatesLengthsIn                NotEqual
readMapNumber                     18446744073709551615
readNameSeparator                 /   
inputBAMfile                      -
bamRemoveDuplicatesType           -
bamRemoveDuplicatesMate2basesN    0
limitGenomeGenerateRAM            31000000000
limitIObufferSize                 150000000
limitOutSAMoneReadBytes           100000
limitOutSJcollapsed               1000000
limitOutSJoneRead                 1000
limitBAMsortRAM                   0
limitSjdbInsertNsj                1000000
outFileNamePrefix                 ./
outTmpDir                         -
outTmpKeep                        None
outStd                            Log
outReadsUnmapped                  None
outQSconversionAdd                0
outMultimapperOrder               Old_2.4
outSAMtype                        SAM   
outSAMmode                        Full
outSAMstrandField                 None
outSAMattributes                  Standard   
outSAMunmapped                    None   
outSAMorder                       Paired
outSAMprimaryFlag                 OneBestScore
outSAMreadID                      Standard
outSAMmapqUnique                  255
outSAMflagOR                      0
outSAMflagAND                     65535
outSAMattrRGline                  -   
outSAMheaderHD                    -   
outSAMheaderPG                    -   
outSAMheaderCommentFile           -
outBAMcompression                 1
outBAMsortingThreadN              0
outBAMsortingBinsN                50
outSAMfilter                      None   
outSAMmultNmax                    18446744073709551615
outSAMattrIHstart                 1
outSAMtlen                        1
outSJfilterReads                  All
outSJfilterCountUniqueMin         3   1   1   1   
outSJfilterCountTotalMin          3   1   1   1   
outSJfilterOverhangMin            30   12   12   12   
outSJfilterDistToOtherSJmin       10   0   5   10   
outSJfilterIntronMaxVsReadN       50000   100000   200000   
outWigType                        None   
outWigStrand                      Stranded   
outWigReferencesPrefix            -
outWigNorm                        RPM   
outFilterType                     Normal
outFilterMultimapNmax             10
outFilterMultimapScoreRange       1
outFilterScoreMin                 0
outFilterScoreMinOverLread        0.66
outFilterMatchNmin                0
outFilterMatchNminOverLread       0.66
outFilterMismatchNmax             10
outFilterMismatchNoverLmax        0.3
outFilterMismatchNoverReadLmax    1
outFilterIntronMotifs             None
outFilterIntronStrands            RemoveInconsistentStrands
clip5pNbases                      0   
clip3pNbases                      0   
clip3pAfterAdapterNbases          0   
clip3pAdapterSeq                  -   
clip3pAdapterMMp                  0.1   
winBinNbits                       16
winAnchorDistNbins                9
winFlankNbins                     4
winAnchorMultimapNmax             50
winReadCoverageRelativeMin        0.5
winReadCoverageBasesMin           0
scoreGap                          0
scoreGapNoncan                    -8
scoreGapGCAG                      -4
scoreGapATAC                      -8
scoreStitchSJshift                1
scoreGenomicLengthLog2scale       -0.25
scoreDelBase                      -2
scoreDelOpen                      -2
scoreInsOpen                      -2
scoreInsBase                      -2
seedSearchLmax                    0
seedSearchStartLmax               50
seedSearchStartLmaxOverLread      1
seedPerReadNmax                   1000
seedPerWindowNmax                 50
seedNoneLociPerWindow             10
seedMultimapNmax                  10000
seedSplitMin                      12
alignIntronMin                    21
alignIntronMax                    0
alignMatesGapMax                  0
alignTranscriptsPerReadNmax       10000
alignSJoverhangMin                5
alignSJDBoverhangMin              3
alignSJstitchMismatchNmax         0   -1   0   0   
alignSplicedMateMapLmin           0
alignSplicedMateMapLminOverLmate    0.66
alignWindowsPerReadNmax           10000
alignTranscriptsPerWindowNmax     100
alignEndsType                     Local
alignSoftClipAtReferenceEnds      Yes
alignEndsProtrude                 0   ConcordantPair   
alignInsertionFlush               None
peOverlapNbasesMin                0
peOverlapMMp                      0.01
chimSegmentMin                    0
chimScoreMin                      0
chimScoreDropMax                  20
chimScoreSeparation               10
chimScoreJunctionNonGTAG          -1
chimMainSegmentMultNmax           10
chimJunctionOverhangMin           20
chimOutType                       Junctions   
chimFilter                        banGenomicN   
chimSegmentReadGapMax             0
chimMultimapNmax                  0
chimMultimapScoreRange            1
chimNonchimScoreDropMin           20
chimOutJunctionFormat             0   
sjdbFileChrStartEnd               -   
sjdbGTFfile                       -
sjdbGTFchrPrefix                  -
sjdbGTFfeatureExon                exon
sjdbGTFtagExonParentTranscript    transcript_id
sjdbGTFtagExonParentGene          gene_id
sjdbOverhang                      100
sjdbScore                         2
sjdbInsertSave                    Basic
varVCFfile                        -
waspOutputMode                    None
quantMode                         -   
quantTranscriptomeBAMcompression    1
quantTranscriptomeBan             IndelSoftclipSingleend
twopass1readsN                    18446744073709551615
twopassMode                       None
##### Command Line:
STAR --genomeDir /hpf/largeprojects/ccmbio/naumenko/tools/bcbio_testing/genomes/Hsapiens/GRCh37/star --genomeFastaFiles /hpf/largeprojects/ccmbio/naumenko/tools/bcbio_testing/genomes/Hsapiens/GRCh37/seq/GRCh37.fa --runThreadN 30 --limitGenomeGenerateRAM 30000000000 --genomeChrBinNbits 14 --runMode genomeGenerate --genomeSAindexNbases 14
##### Initial USER parameters from Command Line:
###### All USER parameters from Command Line:
genomeDir                     /hpf/largeprojects/ccmbio/naumenko/tools/bcbio_testing/genomes/Hsapiens/GRCh37/star     ~RE-DEFINED
genomeFastaFiles              /hpf/largeprojects/ccmbio/naumenko/tools/bcbio_testing/genomes/Hsapiens/GRCh37/seq/GRCh37.fa        ~RE-DEFINED
runThreadN                    30     ~RE-DEFINED
limitGenomeGenerateRAM        30000000000     ~RE-DEFINED
genomeChrBinNbits             14     ~RE-DEFINED
runMode                       genomeGenerate     ~RE-DEFINED
genomeSAindexNbases           14     ~RE-DEFINED
##### Finished reading parameters from all sources

##### Final user re-defined parameters-----------------:
runMode                           genomeGenerate
runThreadN                        30
genomeDir                         /hpf/largeprojects/ccmbio/naumenko/tools/bcbio_testing/genomes/Hsapiens/GRCh37/star
genomeFastaFiles                  /hpf/largeprojects/ccmbio/naumenko/tools/bcbio_testing/genomes/Hsapiens/GRCh37/seq/GRCh37.fa   
genomeSAindexNbases               14
genomeChrBinNbits                 14
limitGenomeGenerateRAM            30000000000

-------------------------------
##### Final effective command line:
STAR   --runMode genomeGenerate   --runThreadN 30   --genomeDir /hpf/largeprojects/ccmbio/naumenko/tools/bcbio_testing/genomes/Hsapiens/GRCh37/star   --genomeFastaFiles /hpf/largeprojects/ccmbio/naumenko/tools/bcbio_testing/genomes/Hsapiens/GRCh37/seq/GRCh37.fa      --genomeSAindexNbases 14   --genomeChrBinNbits 14   --limitGenomeGenerateRAM 30000000000

##### Final parameters after user input--------------------------------:
versionSTAR                       20201
versionGenome                     20101   20200   
parametersFiles                   -   
sysShell                          -
runMode                           genomeGenerate
runThreadN                        30
runDirPerm                        User_RWX
runRNGseed                        777
genomeDir                         /hpf/largeprojects/ccmbio/naumenko/tools/bcbio_testing/genomes/Hsapiens/GRCh37/star
genomeLoad                        NoSharedMemory
genomeFastaFiles                  /hpf/largeprojects/ccmbio/naumenko/tools/bcbio_testing/genomes/Hsapiens/GRCh37/seq/GRCh37.fa   
genomeChainFiles                  -   
genomeSAindexNbases               14
genomeChrBinNbits                 14
genomeSAsparseD                   1
genomeSuffixLengthMax             18446744073709551615
genomeFileSizes                   0   
genomeConsensusFile               -
readFilesType                     Fastx   
readFilesIn                       Read1   Read2   
readFilesPrefix                   -
readFilesCommand                  -   
readMatesLengthsIn                NotEqual
readMapNumber                     18446744073709551615
readNameSeparator                 /   
inputBAMfile                      -
bamRemoveDuplicatesType           -
bamRemoveDuplicatesMate2basesN    0
limitGenomeGenerateRAM            30000000000
limitIObufferSize                 150000000
limitOutSAMoneReadBytes           100000
limitOutSJcollapsed               1000000
limitOutSJoneRead                 1000
limitBAMsortRAM                   0
limitSjdbInsertNsj                1000000
outFileNamePrefix                 ./
outTmpDir                         -
outTmpKeep                        None
outStd                            Log
outReadsUnmapped                  None
outQSconversionAdd                0
outMultimapperOrder               Old_2.4
outSAMtype                        SAM   
outSAMmode                        Full
outSAMstrandField                 None
outSAMattributes                  Standard   
outSAMunmapped                    None   
outSAMorder                       Paired
outSAMprimaryFlag                 OneBestScore
outSAMreadID                      Standard
outSAMmapqUnique                  255
outSAMflagOR                      0
outSAMflagAND                     65535
outSAMattrRGline                  -   
outSAMheaderHD                    -   
outSAMheaderPG                    -   
outSAMheaderCommentFile           -
outBAMcompression                 1
outBAMsortingThreadN              0
outBAMsortingBinsN                50
outSAMfilter                      None   
outSAMmultNmax                    18446744073709551615
outSAMattrIHstart                 1
outSAMtlen                        1
outSJfilterReads                  All
outSJfilterCountUniqueMin         3   1   1   1   
outSJfilterCountTotalMin          3   1   1   1   
outSJfilterOverhangMin            30   12   12   12   
outSJfilterDistToOtherSJmin       10   0   5   10   
outSJfilterIntronMaxVsReadN       50000   100000   200000   
outWigType                        None   
outWigStrand                      Stranded   
outWigReferencesPrefix            -
outWigNorm                        RPM   
outFilterType                     Normal
outFilterMultimapNmax             10
outFilterMultimapScoreRange       1
outFilterScoreMin                 0
outFilterScoreMinOverLread        0.66
outFilterMatchNmin                0
outFilterMatchNminOverLread       0.66
outFilterMismatchNmax             10
outFilterMismatchNoverLmax        0.3
outFilterMismatchNoverReadLmax    1
outFilterIntronMotifs             None
outFilterIntronStrands            RemoveInconsistentStrands
clip5pNbases                      0   
clip3pNbases                      0   
clip3pAfterAdapterNbases          0   
clip3pAdapterSeq                  -   
clip3pAdapterMMp                  0.1   
winBinNbits                       16
winAnchorDistNbins                9
winFlankNbins                     4
winAnchorMultimapNmax             50
winReadCoverageRelativeMin        0.5
winReadCoverageBasesMin           0
scoreGap                          0
scoreGapNoncan                    -8
scoreGapGCAG                      -4
scoreGapATAC                      -8
scoreStitchSJshift                1
scoreGenomicLengthLog2scale       -0.25
scoreDelBase                      -2
scoreDelOpen                      -2
scoreInsOpen                      -2
scoreInsBase                      -2
seedSearchLmax                    0
seedSearchStartLmax               50
seedSearchStartLmaxOverLread      1
seedPerReadNmax                   1000
seedPerWindowNmax                 50
seedNoneLociPerWindow             10
seedMultimapNmax                  10000
seedSplitMin                      12
alignIntronMin                    21
alignIntronMax                    0
alignMatesGapMax                  0
alignTranscriptsPerReadNmax       10000
alignSJoverhangMin                5
alignSJDBoverhangMin              3
alignSJstitchMismatchNmax         0   -1   0   0   
alignSplicedMateMapLmin           0
alignSplicedMateMapLminOverLmate    0.66
alignWindowsPerReadNmax           10000
alignTranscriptsPerWindowNmax     100
alignEndsType                     Local
alignSoftClipAtReferenceEnds      Yes
alignEndsProtrude                 0   ConcordantPair   
alignInsertionFlush               None
peOverlapNbasesMin                0
peOverlapMMp                      0.01
chimSegmentMin                    0
chimScoreMin                      0
chimScoreDropMax                  20
chimScoreSeparation               10
chimScoreJunctionNonGTAG          -1
chimMainSegmentMultNmax           10
chimJunctionOverhangMin           20
chimOutType                       Junctions   
chimFilter                        banGenomicN   
chimSegmentReadGapMax             0
chimMultimapNmax                  0
chimMultimapScoreRange            1
chimNonchimScoreDropMin           20
chimOutJunctionFormat             0   
sjdbFileChrStartEnd               -   
sjdbGTFfile                       -
sjdbGTFchrPrefix                  -
sjdbGTFfeatureExon                exon
sjdbGTFtagExonParentTranscript    transcript_id
sjdbGTFtagExonParentGene          gene_id
sjdbOverhang                      100
sjdbScore                         2
sjdbInsertSave                    Basic
varVCFfile                        -
waspOutputMode                    None
quantMode                         -   
quantTranscriptomeBAMcompression    1
quantTranscriptomeBan             IndelSoftclipSingleend
twopass1readsN                    18446744073709551615
twopassMode                       None
----------------------------------------

Finished loading and checking parameters
Mar 29 05:53:47 ... starting to generate Genome files
/hpf/largeprojects/ccmbio/naumenko/tools/bcbio_testing/genomes/Hsapiens/GRCh37/seq/GRCh37.fa : chr # 0  "1" chrStart: 0
/hpf/largeprojects/ccmbio/naumenko/tools/bcbio_testing/genomes/Hsapiens/GRCh37/seq/GRCh37.fa : chr # 1  "2" chrStart: 249266176
/hpf/largeprojects/ccmbio/naumenko/tools/bcbio_testing/genomes/Hsapiens/GRCh37/seq/GRCh37.fa : chr # 2  "3" chrStart: 492470272
/hpf/largeprojects/ccmbio/naumenko/tools/bcbio_testing/genomes/Hsapiens/GRCh37/seq/GRCh37.fa : chr # 3  "4" chrStart: 690503680
/hpf/largeprojects/ccmbio/naumenko/tools/bcbio_testing/genomes/Hsapiens/GRCh37/seq/GRCh37.fa : chr # 4  "5" chrStart: 881672192
/hpf/largeprojects/ccmbio/naumenko/tools/bcbio_testing/genomes/Hsapiens/GRCh37/seq/GRCh37.fa : chr # 5  "6" chrStart: 1062600704
/hpf/largeprojects/ccmbio/naumenko/tools/bcbio_testing/genomes/Hsapiens/GRCh37/seq/GRCh37.fa : chr # 6  "7" chrStart: 1233731584
/hpf/largeprojects/ccmbio/naumenko/tools/bcbio_testing/genomes/Hsapiens/GRCh37/seq/GRCh37.fa : chr # 7  "8" chrStart: 1392885760
/hpf/largeprojects/ccmbio/naumenko/tools/bcbio_testing/genomes/Hsapiens/GRCh37/seq/GRCh37.fa : chr # 8  "9" chrStart: 1539260416
/hpf/largeprojects/ccmbio/naumenko/tools/bcbio_testing/genomes/Hsapiens/GRCh37/seq/GRCh37.fa : chr # 9  "10" chrStart: 1680474112
/hpf/largeprojects/ccmbio/naumenko/tools/bcbio_testing/genomes/Hsapiens/GRCh37/seq/GRCh37.fa : chr # 10  "11" chrStart: 1816018944
/hpf/largeprojects/ccmbio/naumenko/tools/bcbio_testing/genomes/Hsapiens/GRCh37/seq/GRCh37.fa : chr # 11  "12" chrStart: 1951039488
/hpf/largeprojects/ccmbio/naumenko/tools/bcbio_testing/genomes/Hsapiens/GRCh37/seq/GRCh37.fa : chr # 12  "13" chrStart: 2084896768
/hpf/largeprojects/ccmbio/naumenko/tools/bcbio_testing/genomes/Hsapiens/GRCh37/seq/GRCh37.fa : chr # 13  "14" chrStart: 2200076288
/hpf/largeprojects/ccmbio/naumenko/tools/bcbio_testing/genomes/Hsapiens/GRCh37/seq/GRCh37.fa : chr # 14  "15" chrStart: 2307440640
/hpf/largeprojects/ccmbio/naumenko/tools/bcbio_testing/genomes/Hsapiens/GRCh37/seq/GRCh37.fa : chr # 15  "16" chrStart: 2409988096
/hpf/largeprojects/ccmbio/naumenko/tools/bcbio_testing/genomes/Hsapiens/GRCh37/seq/GRCh37.fa : chr # 16  "17" chrStart: 2500345856
/hpf/largeprojects/ccmbio/naumenko/tools/bcbio_testing/genomes/Hsapiens/GRCh37/seq/GRCh37.fa : chr # 17  "18" chrStart: 2581544960
/hpf/largeprojects/ccmbio/naumenko/tools/bcbio_testing/genomes/Hsapiens/GRCh37/seq/GRCh37.fa : chr # 18  "19" chrStart: 2659631104
/hpf/largeprojects/ccmbio/naumenko/tools/bcbio_testing/genomes/Hsapiens/GRCh37/seq/GRCh37.fa : chr # 19  "20" chrStart: 2718760960
/hpf/largeprojects/ccmbio/naumenko/tools/bcbio_testing/genomes/Hsapiens/GRCh37/seq/GRCh37.fa : chr # 20  "21" chrStart: 2781790208
/hpf/largeprojects/ccmbio/naumenko/tools/bcbio_testing/genomes/Hsapiens/GRCh37/seq/GRCh37.fa : chr # 21  "22" chrStart: 2829926400
/hpf/largeprojects/ccmbio/naumenko/tools/bcbio_testing/genomes/Hsapiens/GRCh37/seq/GRCh37.fa : chr # 22  "X" chrStart: 2881241088
/hpf/largeprojects/ccmbio/naumenko/tools/bcbio_testing/genomes/Hsapiens/GRCh37/seq/GRCh37.fa : chr # 23  "Y" chrStart: 3036512256
/hpf/largeprojects/ccmbio/naumenko/tools/bcbio_testing/genomes/Hsapiens/GRCh37/seq/GRCh37.fa : chr # 24  "MT" chrStart: 3095887872
/hpf/largeprojects/ccmbio/naumenko/tools/bcbio_testing/genomes/Hsapiens/GRCh37/seq/GRCh37.fa : chr # 25  "GL000207.1" chrStart: 3095920640
/hpf/largeprojects/ccmbio/naumenko/tools/bcbio_testing/genomes/Hsapiens/GRCh37/seq/GRCh37.fa : chr # 26  "GL000226.1" chrStart: 3095937024
/hpf/largeprojects/ccmbio/naumenko/tools/bcbio_testing/genomes/Hsapiens/GRCh37/seq/GRCh37.fa : chr # 27  "GL000229.1" chrStart: 3095953408
/hpf/largeprojects/ccmbio/naumenko/tools/bcbio_testing/genomes/Hsapiens/GRCh37/seq/GRCh37.fa : chr # 28  "GL000231.1" chrStart: 3095986176
/hpf/largeprojects/ccmbio/naumenko/tools/bcbio_testing/genomes/Hsapiens/GRCh37/seq/GRCh37.fa : chr # 29  "GL000210.1" chrStart: 3096018944
/hpf/largeprojects/ccmbio/naumenko/tools/bcbio_testing/genomes/Hsapiens/GRCh37/seq/GRCh37.fa : chr # 30  "GL000239.1" chrStart: 3096051712
/hpf/largeprojects/ccmbio/naumenko/tools/bcbio_testing/genomes/Hsapiens/GRCh37/seq/GRCh37.fa : chr # 31  "GL000235.1" chrStart: 3096100864
/hpf/largeprojects/ccmbio/naumenko/tools/bcbio_testing/genomes/Hsapiens/GRCh37/seq/GRCh37.fa : chr # 32  "GL000201.1" chrStart: 3096150016
/hpf/largeprojects/ccmbio/naumenko/tools/bcbio_testing/genomes/Hsapiens/GRCh37/seq/GRCh37.fa : chr # 33  "GL000247.1" chrStart: 3096199168
/hpf/largeprojects/ccmbio/naumenko/tools/bcbio_testing/genomes/Hsapiens/GRCh37/seq/GRCh37.fa : chr # 34  "GL000245.1" chrStart: 3096248320
/hpf/largeprojects/ccmbio/naumenko/tools/bcbio_testing/genomes/Hsapiens/GRCh37/seq/GRCh37.fa : chr # 35  "GL000197.1" chrStart: 3096297472
/hpf/largeprojects/ccmbio/naumenko/tools/bcbio_testing/genomes/Hsapiens/GRCh37/seq/GRCh37.fa : chr # 36  "GL000203.1" chrStart: 3096346624
/hpf/largeprojects/ccmbio/naumenko/tools/bcbio_testing/genomes/Hsapiens/GRCh37/seq/GRCh37.fa : chr # 37  "GL000246.1" chrStart: 3096395776
/hpf/largeprojects/ccmbio/naumenko/tools/bcbio_testing/genomes/Hsapiens/GRCh37/seq/GRCh37.fa : chr # 38  "GL000249.1" chrStart: 3096444928
/hpf/largeprojects/ccmbio/naumenko/tools/bcbio_testing/genomes/Hsapiens/GRCh37/seq/GRCh37.fa : chr # 39  "GL000196.1" chrStart: 3096494080
/hpf/largeprojects/ccmbio/naumenko/tools/bcbio_testing/genomes/Hsapiens/GRCh37/seq/GRCh37.fa : chr # 40  "GL000248.1" chrStart: 3096543232
/hpf/largeprojects/ccmbio/naumenko/tools/bcbio_testing/genomes/Hsapiens/GRCh37/seq/GRCh37.fa : chr # 41  "GL000244.1" chrStart: 3096592384
/hpf/largeprojects/ccmbio/naumenko/tools/bcbio_testing/genomes/Hsapiens/GRCh37/seq/GRCh37.fa : chr # 42  "GL000238.1" chrStart: 3096641536
/hpf/largeprojects/ccmbio/naumenko/tools/bcbio_testing/genomes/Hsapiens/GRCh37/seq/GRCh37.fa : chr # 43  "GL000202.1" chrStart: 3096690688
/hpf/largeprojects/ccmbio/naumenko/tools/bcbio_testing/genomes/Hsapiens/GRCh37/seq/GRCh37.fa : chr # 44  "GL000234.1" chrStart: 3096739840
/hpf/largeprojects/ccmbio/naumenko/tools/bcbio_testing/genomes/Hsapiens/GRCh37/seq/GRCh37.fa : chr # 45  "GL000232.1" chrStart: 3096788992
/hpf/largeprojects/ccmbio/naumenko/tools/bcbio_testing/genomes/Hsapiens/GRCh37/seq/GRCh37.fa : chr # 46  "GL000206.1" chrStart: 3096838144
/hpf/largeprojects/ccmbio/naumenko/tools/bcbio_testing/genomes/Hsapiens/GRCh37/seq/GRCh37.fa : chr # 47  "GL000240.1" chrStart: 3096887296
/hpf/largeprojects/ccmbio/naumenko/tools/bcbio_testing/genomes/Hsapiens/GRCh37/seq/GRCh37.fa : chr # 48  "GL000236.1" chrStart: 3096936448
/hpf/largeprojects/ccmbio/naumenko/tools/bcbio_testing/genomes/Hsapiens/GRCh37/seq/GRCh37.fa : chr # 49  "GL000241.1" chrStart: 3096985600
/hpf/largeprojects/ccmbio/naumenko/tools/bcbio_testing/genomes/Hsapiens/GRCh37/seq/GRCh37.fa : chr # 50  "GL000243.1" chrStart: 3097034752
/hpf/largeprojects/ccmbio/naumenko/tools/bcbio_testing/genomes/Hsapiens/GRCh37/seq/GRCh37.fa : chr # 51  "GL000242.1" chrStart: 3097083904
/hpf/largeprojects/ccmbio/naumenko/tools/bcbio_testing/genomes/Hsapiens/GRCh37/seq/GRCh37.fa : chr # 52  "GL000230.1" chrStart: 3097133056
/hpf/largeprojects/ccmbio/naumenko/tools/bcbio_testing/genomes/Hsapiens/GRCh37/seq/GRCh37.fa : chr # 53  "GL000237.1" chrStart: 3097182208
/hpf/largeprojects/ccmbio/naumenko/tools/bcbio_testing/genomes/Hsapiens/GRCh37/seq/GRCh37.fa : chr # 54  "GL000233.1" chrStart: 3097231360
/hpf/largeprojects/ccmbio/naumenko/tools/bcbio_testing/genomes/Hsapiens/GRCh37/seq/GRCh37.fa : chr # 55  "GL000204.1" chrStart: 3097280512
/hpf/largeprojects/ccmbio/naumenko/tools/bcbio_testing/genomes/Hsapiens/GRCh37/seq/GRCh37.fa : chr # 56  "GL000198.1" chrStart: 3097362432
/hpf/largeprojects/ccmbio/naumenko/tools/bcbio_testing/genomes/Hsapiens/GRCh37/seq/GRCh37.fa : chr # 57  "GL000208.1" chrStart: 3097460736
/hpf/largeprojects/ccmbio/naumenko/tools/bcbio_testing/genomes/Hsapiens/GRCh37/seq/GRCh37.fa : chr # 58  "GL000191.1" chrStart: 3097559040
/hpf/largeprojects/ccmbio/naumenko/tools/bcbio_testing/genomes/Hsapiens/GRCh37/seq/GRCh37.fa : chr # 59  "GL000227.1" chrStart: 3097673728
/hpf/largeprojects/ccmbio/naumenko/tools/bcbio_testing/genomes/Hsapiens/GRCh37/seq/GRCh37.fa : chr # 60  "GL000228.1" chrStart: 3097804800
/hpf/largeprojects/ccmbio/naumenko/tools/bcbio_testing/genomes/Hsapiens/GRCh37/seq/GRCh37.fa : chr # 61  "GL000214.1" chrStart: 3097935872
/hpf/largeprojects/ccmbio/naumenko/tools/bcbio_testing/genomes/Hsapiens/GRCh37/seq/GRCh37.fa : chr # 62  "GL000221.1" chrStart: 3098083328
/hpf/largeprojects/ccmbio/naumenko/tools/bcbio_testing/genomes/Hsapiens/GRCh37/seq/GRCh37.fa : chr # 63  "GL000209.1" chrStart: 3098247168
/hpf/largeprojects/ccmbio/naumenko/tools/bcbio_testing/genomes/Hsapiens/GRCh37/seq/GRCh37.fa : chr # 64  "GL000218.1" chrStart: 3098411008
/hpf/largeprojects/ccmbio/naumenko/tools/bcbio_testing/genomes/Hsapiens/GRCh37/seq/GRCh37.fa : chr # 65  "GL000220.1" chrStart: 3098574848
/hpf/largeprojects/ccmbio/naumenko/tools/bcbio_testing/genomes/Hsapiens/GRCh37/seq/GRCh37.fa : chr # 66  "GL000213.1" chrStart: 3098738688
/hpf/largeprojects/ccmbio/naumenko/tools/bcbio_testing/genomes/Hsapiens/GRCh37/seq/GRCh37.fa : chr # 67  "GL000211.1" chrStart: 3098918912
/hpf/largeprojects/ccmbio/naumenko/tools/bcbio_testing/genomes/Hsapiens/GRCh37/seq/GRCh37.fa : chr # 68  "GL000199.1" chrStart: 3099099136
/hpf/largeprojects/ccmbio/naumenko/tools/bcbio_testing/genomes/Hsapiens/GRCh37/seq/GRCh37.fa : chr # 69  "GL000217.1" chrStart: 3099279360
/hpf/largeprojects/ccmbio/naumenko/tools/bcbio_testing/genomes/Hsapiens/GRCh37/seq/GRCh37.fa : chr # 70  "GL000216.1" chrStart: 3099459584
/hpf/largeprojects/ccmbio/naumenko/tools/bcbio_testing/genomes/Hsapiens/GRCh37/seq/GRCh37.fa : chr # 71  "GL000215.1" chrStart: 3099639808
/hpf/largeprojects/ccmbio/naumenko/tools/bcbio_testing/genomes/Hsapiens/GRCh37/seq/GRCh37.fa : chr # 72  "GL000205.1" chrStart: 3099820032
/hpf/largeprojects/ccmbio/naumenko/tools/bcbio_testing/genomes/Hsapiens/GRCh37/seq/GRCh37.fa : chr # 73  "GL000219.1" chrStart: 3100000256
/hpf/largeprojects/ccmbio/naumenko/tools/bcbio_testing/genomes/Hsapiens/GRCh37/seq/GRCh37.fa : chr # 74  "GL000224.1" chrStart: 3100180480
/hpf/largeprojects/ccmbio/naumenko/tools/bcbio_testing/genomes/Hsapiens/GRCh37/seq/GRCh37.fa : chr # 75  "GL000223.1" chrStart: 3100360704
/hpf/largeprojects/ccmbio/naumenko/tools/bcbio_testing/genomes/Hsapiens/GRCh37/seq/GRCh37.fa : chr # 76  "GL000195.1" chrStart: 3100557312
/hpf/largeprojects/ccmbio/naumenko/tools/bcbio_testing/genomes/Hsapiens/GRCh37/seq/GRCh37.fa : chr # 77  "GL000212.1" chrStart: 3100753920
/hpf/largeprojects/ccmbio/naumenko/tools/bcbio_testing/genomes/Hsapiens/GRCh37/seq/GRCh37.fa : chr # 78  "GL000222.1" chrStart: 3100950528
/hpf/largeprojects/ccmbio/naumenko/tools/bcbio_testing/genomes/Hsapiens/GRCh37/seq/GRCh37.fa : chr # 79  "GL000200.1" chrStart: 3101147136
/hpf/largeprojects/ccmbio/naumenko/tools/bcbio_testing/genomes/Hsapiens/GRCh37/seq/GRCh37.fa : chr # 80  "GL000193.1" chrStart: 3101343744
/hpf/largeprojects/ccmbio/naumenko/tools/bcbio_testing/genomes/Hsapiens/GRCh37/seq/GRCh37.fa : chr # 81  "GL000194.1" chrStart: 3101540352
/hpf/largeprojects/ccmbio/naumenko/tools/bcbio_testing/genomes/Hsapiens/GRCh37/seq/GRCh37.fa : chr # 82  "GL000225.1" chrStart: 3101736960
/hpf/largeprojects/ccmbio/naumenko/tools/bcbio_testing/genomes/Hsapiens/GRCh37/seq/GRCh37.fa : chr # 83  "GL000192.1" chrStart: 3101949952

Genome_genomeGenerate.cpp:208:genomeGenerate: exiting because of *OUTPUT FILE* error: could not create output file /hpf/largeprojects/ccmbio/naumenko/tools/bcbio_testing/genomes/Hsapiens/GRCh37/star/chrName.txt
SOLUTION: check that the path exists and you have write permission for this file. Also check ulimit -n and increase it to allow more open files.

Mar 29 05:55:01 ...... FATAL ERROR, exiting
